<?xml version="1.0" encoding="UTF-8"?>
<testng-results skipped="0" failed="0" ignored="0" total="1" passed="1">
  <reporter-output>
  </reporter-output>
  <suite name="Default suite" duration-ms="2767" started-at="2021-07-29T16:09:41Z" finished-at="2021-07-29T16:09:43Z">
    <groups>
    </groups>
    <test name="Default test" duration-ms="2767" started-at="2021-07-29T16:09:41Z" finished-at="2021-07-29T16:09:43Z">
      <class name="com.practise.Restassured.DemoPOSTrequestThroughMap">
        <test-method status="PASS" signature="checkPostMap()[pri:0, instance:com.practise.Restassured.DemoPOSTrequestThroughMap@ef9296d]" name="checkPostMap" duration-ms="2746" started-at="2021-07-29T21:39:41Z" finished-at="2021-07-29T21:39:43Z">
          <reporter-output>
          </reporter-output>
        </test-method> <!-- checkPostMap -->
      </class> <!-- com.practise.Restassured.DemoPOSTrequestThroughMap -->
    </test> <!-- Default test -->
  </suite> <!-- Default suite -->
</testng-results>
